<?xml version="1.0" encoding="UTF-8"?>
<!-- Generated by org.testng.reporters.JUnitReportReporter -->
<testsuite skipped="0" hostname="VBDEV03" name="test.Task_1" tests="3" failures="0" timestamp="13 Jun 2019 09:22:37 GMT" time="8.520" errors="0">
  <testcase name="login" time="4.991" classname="test.Task_1"/>
  <testcase name="selectAndDownload" time="3.518" classname="test.Task_1"/>
  <testcase name="calculate" time="0.011" classname="test.Task_1"/>
</testsuite> <!-- test.Task_1 -->
