<?xml version="1.0" encoding="UTF-8"?>
<!-- Generated by org.testng.reporters.JUnitReportReporter -->
<testsuite skipped="0" hostname="VBDEV03" name="test.Task_1" tests="3" failures="0" timestamp="13 Jun 2019 09:37:54 GMT" time="8.524" errors="0">
  <testcase name="login" time="5.227" classname="test.Task_1"/>
  <testcase name="selectAndDownload" time="3.292" classname="test.Task_1"/>
  <testcase name="calculate" time="0.005" classname="test.Task_1"/>
</testsuite> <!-- test.Task_1 -->
